c:\users\devas\onedrive\documents\visual studio 2015\projects\mera_pr4\proj_4\msgserver\x64\release\vc140.pdb
c:\users\devas\onedrive\documents\visual studio 2015\projects\mera_pr4\proj_4\msgserver\x64\release\xmldocument.obj
c:\users\devas\onedrive\documents\visual studio 2015\projects\mera_pr4\proj_4\msgserver\x64\release\utilities.obj
c:\users\devas\onedrive\documents\visual studio 2015\projects\mera_pr4\proj_4\msgserver\x64\release\typetable.obj
c:\users\devas\onedrive\documents\visual studio 2015\projects\mera_pr4\proj_4\msgserver\x64\release\tokenizer.obj
c:\users\devas\onedrive\documents\visual studio 2015\projects\mera_pr4\proj_4\msgserver\x64\release\sockets.obj
c:\users\devas\onedrive\documents\visual studio 2015\projects\mera_pr4\proj_4\msgserver\x64\release\semiexp.obj
c:\users\devas\onedrive\documents\visual studio 2015\projects\mera_pr4\proj_4\msgserver\x64\release\parser.obj
c:\users\devas\onedrive\documents\visual studio 2015\projects\mera_pr4\proj_4\msgserver\x64\release\configureparser.obj
c:\users\devas\onedrive\documents\visual studio 2015\projects\mera_pr4\proj_4\msgserver\x64\release\actionsandrules.obj
c:\users\devas\onedrive\documents\visual studio 2015\projects\mera_pr4\proj_4\msgserver\x64\release\logger.obj
c:\users\devas\onedrive\documents\visual studio 2015\projects\mera_pr4\proj_4\msgserver\x64\release\cpp11-blockingqueue.obj
c:\users\devas\onedrive\documents\visual studio 2015\projects\mera_pr4\proj_4\msgserver\x64\release\httpmessage.obj
c:\users\devas\onedrive\documents\visual studio 2015\projects\mera_pr4\proj_4\msgserver\x64\release\grammarhelpers.obj
c:\users\devas\onedrive\documents\visual studio 2015\projects\mera_pr4\proj_4\msgserver\x64\release\filesystem.obj
c:\users\devas\onedrive\documents\visual studio 2015\projects\mera_pr4\proj_4\msgserver\x64\release\filemgr.obj
c:\users\devas\onedrive\documents\visual studio 2015\projects\mera_pr4\proj_4\msgserver\x64\release\dependencyanalysis.obj
c:\users\devas\onedrive\documents\visual studio 2015\projects\mera_pr4\proj_4\msgserver\x64\release\codepublisher.obj
c:\users\devas\onedrive\documents\visual studio 2015\projects\mera_pr4\proj_4\msgserver\x64\release\executive.obj
c:\users\devas\onedrive\documents\visual studio 2015\projects\mera_pr4\proj_4\msgserver\x64\release\depanal.obj
c:\users\devas\onedrive\documents\visual studio 2015\projects\mera_pr4\proj_4\msgserver\x64\release\abstrsyntree.obj
c:\users\devas\onedrive\documents\visual studio 2015\projects\mera_pr4\proj_4\msgserver\x64\release\msgserver.obj
c:\users\devas\onedrive\documents\visual studio 2015\projects\mera_pr4\proj_4\msgserver\x64\release\xmlelement.obj
c:\users\devas\onedrive\documents\visual studio 2015\projects\mera_pr4\proj_4\x64\release\msgserver.exe
c:\users\devas\onedrive\documents\visual studio 2015\projects\mera_pr4\proj_4\x64\release\msgserver.ipdb
c:\users\devas\onedrive\documents\visual studio 2015\projects\mera_pr4\proj_4\x64\release\msgserver.iobj
c:\users\devas\onedrive\documents\visual studio 2015\projects\mera_pr4\proj_4\x64\release\msgserver.pdb
c:\users\devas\onedrive\documents\visual studio 2015\projects\mera_pr4\proj_4\msgserver\x64\release\msgserver.tlog\cl.command.1.tlog
c:\users\devas\onedrive\documents\visual studio 2015\projects\mera_pr4\proj_4\msgserver\x64\release\msgserver.tlog\cl.read.1.tlog
c:\users\devas\onedrive\documents\visual studio 2015\projects\mera_pr4\proj_4\msgserver\x64\release\msgserver.tlog\cl.write.1.tlog
c:\users\devas\onedrive\documents\visual studio 2015\projects\mera_pr4\proj_4\msgserver\x64\release\msgserver.tlog\link.command.1.tlog
c:\users\devas\onedrive\documents\visual studio 2015\projects\mera_pr4\proj_4\msgserver\x64\release\msgserver.tlog\link.read.1.tlog
c:\users\devas\onedrive\documents\visual studio 2015\projects\mera_pr4\proj_4\msgserver\x64\release\msgserver.tlog\link.write.1.tlog
