c:\users\devas\onedrive\documents\visual studio 2015\projects\mera_pr4\proj_4\analyzer\x64\debug\codeanalyzer.pdb
c:\users\devas\onedrive\documents\visual studio 2015\projects\mera_pr4\proj_4\analyzer\x64\debug\codeanalyzer.idb
c:\users\devas\onedrive\documents\visual studio 2015\projects\mera_pr4\proj_4\analyzer\x64\debug\abstrsyntree.obj
c:\users\devas\onedrive\documents\visual studio 2015\projects\mera_pr4\proj_4\analyzer\x64\debug\dependencyanalysis.obj
c:\users\devas\onedrive\documents\visual studio 2015\projects\mera_pr4\proj_4\analyzer\x64\debug\filemgr.obj
c:\users\devas\onedrive\documents\visual studio 2015\projects\mera_pr4\proj_4\analyzer\x64\debug\filesystem.obj
c:\users\devas\onedrive\documents\visual studio 2015\projects\mera_pr4\proj_4\analyzer\x64\debug\grammarhelpers.obj
c:\users\devas\onedrive\documents\visual studio 2015\projects\mera_pr4\proj_4\analyzer\x64\debug\logger.obj
c:\users\devas\onedrive\documents\visual studio 2015\projects\mera_pr4\proj_4\analyzer\x64\debug\nosqldb.obj
c:\users\devas\onedrive\documents\visual studio 2015\projects\mera_pr4\proj_4\analyzer\x64\debug\actionsandrules.obj
c:\users\devas\onedrive\documents\visual studio 2015\projects\mera_pr4\proj_4\analyzer\x64\debug\configureparser.obj
c:\users\devas\onedrive\documents\visual studio 2015\projects\mera_pr4\proj_4\analyzer\x64\debug\parser.obj
c:\users\devas\onedrive\documents\visual studio 2015\projects\mera_pr4\proj_4\analyzer\x64\debug\scopestack.obj
c:\users\devas\onedrive\documents\visual studio 2015\projects\mera_pr4\proj_4\analyzer\x64\debug\semiexp.obj
c:\users\devas\onedrive\documents\visual studio 2015\projects\mera_pr4\proj_4\analyzer\x64\debug\tokenizer.obj
c:\users\devas\onedrive\documents\visual studio 2015\projects\mera_pr4\proj_4\analyzer\x64\debug\typetable.obj
c:\users\devas\onedrive\documents\visual studio 2015\projects\mera_pr4\proj_4\analyzer\x64\debug\utilities.obj
c:\users\devas\onedrive\documents\visual studio 2015\projects\mera_pr4\proj_4\analyzer\x64\debug\xmlelement.obj
c:\users\devas\onedrive\documents\visual studio 2015\projects\mera_pr4\proj_4\analyzer\x64\debug\depanal.obj
c:\users\devas\onedrive\documents\visual studio 2015\projects\mera_pr4\proj_4\analyzer\x64\debug\executive.obj
c:\users\devas\onedrive\documents\visual studio 2015\projects\mera_pr4\proj_4\x64\debug\codeanalyzer.lib
c:\users\devas\onedrive\documents\visual studio 2015\projects\mera_pr4\proj_4\x64\debug\codeanalyzer.pdb
c:\users\devas\onedrive\documents\visual studio 2015\projects\mera_pr4\proj_4\analyzer\x64\debug\codeanalyzer.tlog\cl.command.1.tlog
c:\users\devas\onedrive\documents\visual studio 2015\projects\mera_pr4\proj_4\analyzer\x64\debug\codeanalyzer.tlog\cl.read.1.tlog
c:\users\devas\onedrive\documents\visual studio 2015\projects\mera_pr4\proj_4\analyzer\x64\debug\codeanalyzer.tlog\cl.write.1.tlog
c:\users\devas\onedrive\documents\visual studio 2015\projects\mera_pr4\proj_4\analyzer\x64\debug\codeanalyzer.tlog\lib-link.read.1.tlog
c:\users\devas\onedrive\documents\visual studio 2015\projects\mera_pr4\proj_4\analyzer\x64\debug\codeanalyzer.tlog\lib-link.write.1.tlog
c:\users\devas\onedrive\documents\visual studio 2015\projects\mera_pr4\proj_4\analyzer\x64\debug\codeanalyzer.tlog\lib.command.1.tlog
