c:\users\devas\onedrive\documents\visual studio 2015\projects\mera_pr4\proj_4\msgserver\x64\debug\vc140.pdb
c:\users\devas\onedrive\documents\visual studio 2015\projects\mera_pr4\proj_4\msgserver\x64\debug\vc140.idb
c:\users\devas\onedrive\documents\visual studio 2015\projects\mera_pr4\proj_4\msgserver\x64\debug\executive.obj
c:\users\devas\onedrive\documents\visual studio 2015\projects\mera_pr4\proj_4\msgserver\x64\debug\codepublisher.obj
c:\users\devas\onedrive\documents\visual studio 2015\projects\mera_pr4\proj_4\msgserver\x64\debug\dependencyanalysis.obj
c:\users\devas\onedrive\documents\visual studio 2015\projects\mera_pr4\proj_4\msgserver\x64\debug\filemgr.obj
c:\users\devas\onedrive\documents\visual studio 2015\projects\mera_pr4\proj_4\msgserver\x64\debug\filesystem.obj
c:\users\devas\onedrive\documents\visual studio 2015\projects\mera_pr4\proj_4\msgserver\x64\debug\grammarhelpers.obj
c:\users\devas\onedrive\documents\visual studio 2015\projects\mera_pr4\proj_4\msgserver\x64\debug\httpmessage.obj
c:\users\devas\onedrive\documents\visual studio 2015\projects\mera_pr4\proj_4\msgserver\x64\debug\cpp11-blockingqueue.obj
c:\users\devas\onedrive\documents\visual studio 2015\projects\mera_pr4\proj_4\msgserver\x64\debug\logger.obj
c:\users\devas\onedrive\documents\visual studio 2015\projects\mera_pr4\proj_4\msgserver\x64\debug\actionsandrules.obj
c:\users\devas\onedrive\documents\visual studio 2015\projects\mera_pr4\proj_4\msgserver\x64\debug\configureparser.obj
c:\users\devas\onedrive\documents\visual studio 2015\projects\mera_pr4\proj_4\msgserver\x64\debug\parser.obj
c:\users\devas\onedrive\documents\visual studio 2015\projects\mera_pr4\proj_4\msgserver\x64\debug\semiexp.obj
c:\users\devas\onedrive\documents\visual studio 2015\projects\mera_pr4\proj_4\msgserver\x64\debug\sockets.obj
c:\users\devas\onedrive\documents\visual studio 2015\projects\mera_pr4\proj_4\msgserver\x64\debug\tokenizer.obj
c:\users\devas\onedrive\documents\visual studio 2015\projects\mera_pr4\proj_4\msgserver\x64\debug\typetable.obj
c:\users\devas\onedrive\documents\visual studio 2015\projects\mera_pr4\proj_4\msgserver\x64\debug\utilities.obj
c:\users\devas\onedrive\documents\visual studio 2015\projects\mera_pr4\proj_4\msgserver\x64\debug\xmldocument.obj
c:\users\devas\onedrive\documents\visual studio 2015\projects\mera_pr4\proj_4\msgserver\x64\debug\xmlelement.obj
c:\users\devas\onedrive\documents\visual studio 2015\projects\mera_pr4\proj_4\msgserver\x64\debug\msgserver.obj
c:\users\devas\onedrive\documents\visual studio 2015\projects\mera_pr4\proj_4\msgserver\x64\debug\abstrsyntree.obj
c:\users\devas\onedrive\documents\visual studio 2015\projects\mera_pr4\proj_4\msgserver\x64\debug\depanal.obj
c:\users\devas\onedrive\documents\visual studio 2015\projects\mera_pr4\proj_4\x64\debug\msgserver.ilk
c:\users\devas\onedrive\documents\visual studio 2015\projects\mera_pr4\proj_4\x64\debug\msgserver.exe
c:\users\devas\onedrive\documents\visual studio 2015\projects\mera_pr4\proj_4\x64\debug\msgserver.pdb
c:\users\devas\onedrive\documents\visual studio 2015\projects\mera_pr4\proj_4\msgserver\x64\debug\msgserver.tlog\cl.command.1.tlog
c:\users\devas\onedrive\documents\visual studio 2015\projects\mera_pr4\proj_4\msgserver\x64\debug\msgserver.tlog\cl.read.1.tlog
c:\users\devas\onedrive\documents\visual studio 2015\projects\mera_pr4\proj_4\msgserver\x64\debug\msgserver.tlog\cl.write.1.tlog
c:\users\devas\onedrive\documents\visual studio 2015\projects\mera_pr4\proj_4\msgserver\x64\debug\msgserver.tlog\link.command.1.tlog
c:\users\devas\onedrive\documents\visual studio 2015\projects\mera_pr4\proj_4\msgserver\x64\debug\msgserver.tlog\link.read.1.tlog
c:\users\devas\onedrive\documents\visual studio 2015\projects\mera_pr4\proj_4\msgserver\x64\debug\msgserver.tlog\link.write.1.tlog
