c:\users\devas\onedrive\documents\visual studio 2015\projects\mera_pr4\proj_4\msgserver\debug\vc140.pdb
c:\users\devas\onedrive\documents\visual studio 2015\projects\mera_pr4\proj_4\msgserver\debug\vc140.idb
c:\users\devas\onedrive\documents\visual studio 2015\projects\mera_pr4\proj_4\msgserver\debug\executive.obj
c:\users\devas\onedrive\documents\visual studio 2015\projects\mera_pr4\proj_4\msgserver\debug\codepublisher.obj
c:\users\devas\onedrive\documents\visual studio 2015\projects\mera_pr4\proj_4\msgserver\debug\dependencyanalysis.obj
c:\users\devas\onedrive\documents\visual studio 2015\projects\mera_pr4\proj_4\msgserver\debug\filemgr.obj
c:\users\devas\onedrive\documents\visual studio 2015\projects\mera_pr4\proj_4\msgserver\debug\filesystem.obj
c:\users\devas\onedrive\documents\visual studio 2015\projects\mera_pr4\proj_4\msgserver\debug\grammarhelpers.obj
c:\users\devas\onedrive\documents\visual studio 2015\projects\mera_pr4\proj_4\msgserver\debug\httpmessage.obj
c:\users\devas\onedrive\documents\visual studio 2015\projects\mera_pr4\proj_4\msgserver\debug\cpp11-blockingqueue.obj
c:\users\devas\onedrive\documents\visual studio 2015\projects\mera_pr4\proj_4\msgserver\debug\logger.obj
c:\users\devas\onedrive\documents\visual studio 2015\projects\mera_pr4\proj_4\msgserver\debug\actionsandrules.obj
c:\users\devas\onedrive\documents\visual studio 2015\projects\mera_pr4\proj_4\msgserver\debug\configureparser.obj
c:\users\devas\onedrive\documents\visual studio 2015\projects\mera_pr4\proj_4\msgserver\debug\parser.obj
c:\users\devas\onedrive\documents\visual studio 2015\projects\mera_pr4\proj_4\msgserver\debug\semiexp.obj
c:\users\devas\onedrive\documents\visual studio 2015\projects\mera_pr4\proj_4\msgserver\debug\sockets.obj
c:\users\devas\onedrive\documents\visual studio 2015\projects\mera_pr4\proj_4\msgserver\debug\tokenizer.obj
c:\users\devas\onedrive\documents\visual studio 2015\projects\mera_pr4\proj_4\msgserver\debug\typetable.obj
c:\users\devas\onedrive\documents\visual studio 2015\projects\mera_pr4\proj_4\msgserver\debug\utilities.obj
c:\users\devas\onedrive\documents\visual studio 2015\projects\mera_pr4\proj_4\msgserver\debug\xmldocument.obj
c:\users\devas\onedrive\documents\visual studio 2015\projects\mera_pr4\proj_4\msgserver\debug\xmlelement.obj
c:\users\devas\onedrive\documents\visual studio 2015\projects\mera_pr4\proj_4\msgserver\debug\msgserver.obj
c:\users\devas\onedrive\documents\visual studio 2015\projects\mera_pr4\proj_4\msgserver\debug\abstrsyntree.obj
c:\users\devas\onedrive\documents\visual studio 2015\projects\mera_pr4\proj_4\msgserver\debug\depanal.obj
c:\users\devas\onedrive\documents\visual studio 2015\projects\mera_pr4\proj_4\debug\msgserver.ilk
c:\users\devas\onedrive\documents\visual studio 2015\projects\mera_pr4\proj_4\debug\msgserver.exe
c:\users\devas\onedrive\documents\visual studio 2015\projects\mera_pr4\proj_4\debug\msgserver.pdb
c:\users\devas\onedrive\documents\visual studio 2015\projects\mera_pr4\proj_4\msgserver\debug\msgserver.tlog\cl.command.1.tlog
c:\users\devas\onedrive\documents\visual studio 2015\projects\mera_pr4\proj_4\msgserver\debug\msgserver.tlog\cl.read.1.tlog
c:\users\devas\onedrive\documents\visual studio 2015\projects\mera_pr4\proj_4\msgserver\debug\msgserver.tlog\cl.write.1.tlog
c:\users\devas\onedrive\documents\visual studio 2015\projects\mera_pr4\proj_4\msgserver\debug\msgserver.tlog\link.command.1.tlog
c:\users\devas\onedrive\documents\visual studio 2015\projects\mera_pr4\proj_4\msgserver\debug\msgserver.tlog\link.read.1.tlog
c:\users\devas\onedrive\documents\visual studio 2015\projects\mera_pr4\proj_4\msgserver\debug\msgserver.tlog\link.write.1.tlog
