c:\users\devas\onedrive\documents\visual studio 2015\projects\mera_pr4\proj_4\analyzer\x64\release\codeanalyzer.pdb
c:\users\devas\onedrive\documents\visual studio 2015\projects\mera_pr4\proj_4\analyzer\x64\release\executive.obj
c:\users\devas\onedrive\documents\visual studio 2015\projects\mera_pr4\proj_4\analyzer\x64\release\depanal.obj
c:\users\devas\onedrive\documents\visual studio 2015\projects\mera_pr4\proj_4\analyzer\x64\release\xmlelement.obj
c:\users\devas\onedrive\documents\visual studio 2015\projects\mera_pr4\proj_4\analyzer\x64\release\utilities.obj
c:\users\devas\onedrive\documents\visual studio 2015\projects\mera_pr4\proj_4\analyzer\x64\release\typetable.obj
c:\users\devas\onedrive\documents\visual studio 2015\projects\mera_pr4\proj_4\analyzer\x64\release\tokenizer.obj
c:\users\devas\onedrive\documents\visual studio 2015\projects\mera_pr4\proj_4\analyzer\x64\release\semiexp.obj
c:\users\devas\onedrive\documents\visual studio 2015\projects\mera_pr4\proj_4\analyzer\x64\release\scopestack.obj
c:\users\devas\onedrive\documents\visual studio 2015\projects\mera_pr4\proj_4\analyzer\x64\release\parser.obj
c:\users\devas\onedrive\documents\visual studio 2015\projects\mera_pr4\proj_4\analyzer\x64\release\configureparser.obj
c:\users\devas\onedrive\documents\visual studio 2015\projects\mera_pr4\proj_4\analyzer\x64\release\actionsandrules.obj
c:\users\devas\onedrive\documents\visual studio 2015\projects\mera_pr4\proj_4\analyzer\x64\release\nosqldb.obj
c:\users\devas\onedrive\documents\visual studio 2015\projects\mera_pr4\proj_4\analyzer\x64\release\logger.obj
c:\users\devas\onedrive\documents\visual studio 2015\projects\mera_pr4\proj_4\analyzer\x64\release\grammarhelpers.obj
c:\users\devas\onedrive\documents\visual studio 2015\projects\mera_pr4\proj_4\analyzer\x64\release\filesystem.obj
c:\users\devas\onedrive\documents\visual studio 2015\projects\mera_pr4\proj_4\analyzer\x64\release\filemgr.obj
c:\users\devas\onedrive\documents\visual studio 2015\projects\mera_pr4\proj_4\analyzer\x64\release\dependencyanalysis.obj
c:\users\devas\onedrive\documents\visual studio 2015\projects\mera_pr4\proj_4\analyzer\x64\release\abstrsyntree.obj
c:\users\devas\onedrive\documents\visual studio 2015\projects\mera_pr4\proj_4\x64\release\codeanalyzer.lib
c:\users\devas\onedrive\documents\visual studio 2015\projects\mera_pr4\proj_4\analyzer\x64\release\codeanalyzer.tlog\cl.command.1.tlog
c:\users\devas\onedrive\documents\visual studio 2015\projects\mera_pr4\proj_4\analyzer\x64\release\codeanalyzer.tlog\cl.read.1.tlog
c:\users\devas\onedrive\documents\visual studio 2015\projects\mera_pr4\proj_4\analyzer\x64\release\codeanalyzer.tlog\cl.write.1.tlog
c:\users\devas\onedrive\documents\visual studio 2015\projects\mera_pr4\proj_4\analyzer\x64\release\codeanalyzer.tlog\lib-link.read.1.tlog
c:\users\devas\onedrive\documents\visual studio 2015\projects\mera_pr4\proj_4\analyzer\x64\release\codeanalyzer.tlog\lib-link.write.1.tlog
c:\users\devas\onedrive\documents\visual studio 2015\projects\mera_pr4\proj_4\analyzer\x64\release\codeanalyzer.tlog\lib.command.1.tlog
